[0423/140435:ERROR:process_info.cc(608)] range at 0xfe91f000, size 0x230 fully unreadable
[0423/140435:ERROR:process_info.cc(608)] range at 0xfe91e000, size 0xf84 fully unreadable
[0423/140435:ERROR:process_info.cc(608)] range at 0xfeabf000, size 0x230 fully unreadable
[0423/140435:ERROR:process_info.cc(608)] range at 0xfeabe000, size 0xf84 fully unreadable
[0423/140436:ERROR:process_info.cc(608)] range at 0xff386000, size 0x230 fully unreadable
[0423/140436:ERROR:process_info.cc(608)] range at 0xff38f000, size 0xf84 fully unreadable
[0423/140436:ERROR:process_info.cc(608)] range at 0xfec4f000, size 0x230 fully unreadable
[0423/140436:ERROR:process_info.cc(608)] range at 0xfec4b000, size 0xf84 fully unreadable
[0423/140436:ERROR:process_info.cc(608)] range at 0xfe567000, size 0x230 fully unreadable
[0423/140436:ERROR:process_info.cc(608)] range at 0xfe56e000, size 0xf84 fully unreadable
[0423/140436:ERROR:process_info.cc(608)] range at 0xfed93000, size 0x230 fully unreadable
[0423/140436:ERROR:process_info.cc(608)] range at 0xfe8fc000, size 0x230 fully unreadable
[0423/140436:ERROR:process_info.cc(608)] range at 0xfed9e000, size 0xf84 fully unreadable
[0423/140436:ERROR:process_info.cc(608)] range at 0xff8e3000, size 0x230 fully unreadable
[0423/140436:ERROR:process_info.cc(608)] range at 0xfe8fb000, size 0xf84 fully unreadable
[0423/140436:ERROR:process_info.cc(608)] range at 0xff8ef000, size 0xf84 fully unreadable
[0423/140436:ERROR:process_info.cc(608)] range at 0xff9f7000, size 0x230 fully unreadable
[0423/140436:ERROR:process_info.cc(608)] range at 0xff9ff000, size 0xf84 fully unreadable
[0423/140436:ERROR:process_info.cc(608)] range at 0xfe82a000, size 0x230 fully unreadable
[0423/140436:ERROR:process_info.cc(608)] range at 0xfe82e000, size 0xf84 fully unreadable
[0423/140436:ERROR:process_info.cc(608)] range at 0xff837000, size 0x230 fully unreadable
[0423/140436:ERROR:process_reader_win.cc(141)] SuspendThread: 拒绝访问。 (0x5)
[0423/140436:ERROR:exception_snapshot_win.cc(57)] thread ID 6340 not found in process
[0423/140436:WARNING:crash_report_exception_handler.cc(60)] ProcessSnapshotWin::InitializeException failed
[0423/140436:ERROR:scoped_process_suspend.cc(38)] NtResumeProcess, ntstatus=-1073741558
[0423/140436:ERROR:scoped_process_suspend.cc(38)] NtResumeProcess, ntstatus=-1073741558
[0423/140444:ERROR:process_info.cc(608)] range at 0xffac6000, size 0x230 fully unreadable
[0423/140444:ERROR:process_info.cc(608)] range at 0xff738000, size 0x230 fully unreadable
[0423/140444:ERROR:process_info.cc(608)] range at 0xff73e000, size 0xf84 fully unreadable
[0423/140444:ERROR:process_info.cc(608)] range at 0xfed83000, size 0x230 fully unreadable
[0423/140444:ERROR:process_info.cc(608)] range at 0xfed8f000, size 0xf84 fully unreadable
[0423/140446:ERROR:scoped_process_suspend.cc(29)] NtSuspendProcess, ntstatus=-1073741558
[0423/140446:ERROR:file_io.cc(41)] write: 管道正在被关闭。 (0xE8)
[0423/140446:ERROR:file_io.cc(41)] write: 管道正在被关闭。 (0xE8)
[0423/140446:ERROR:process_info.cc(103)] ReadProcessMemory bool __cdecl crashpad::`anonymous-namespace'::ReadStruct<struct crashpad::process_types::PEB<struct crashpad::process_types::internal::Traits32>>(void *,unsigned __int64,struct crashpad::process_types::PEB<struct crashpad::process_types::internal::Traits32> *): 仅完成部分的 ReadProcessMemory 或 WriteProcessMemory 请求。 (0x12B)
[0423/140446:ERROR:process_info.cc(542)] ReadProcessData failed
[0423/140446:ERROR:process_info.cc(608)] range at 0x0, size 0x230 fully unreadable
[0423/140446:ERROR:process_reader_win.cc(232)] ReadMemory at 0x0 of 560 bytes failed: 仅完成部分的 ReadProcessMemory 或 WriteProcessMemory 请求。 (0x12B)
[0423/140446:ERROR:process_snapshot_win.cc(342)] ReadMemory PEB
[0423/140446:ERROR:process_reader_win.cc(232)] ReadMemory at 0x77491860 of 5888 bytes failed: 仅完成部分的 ReadProcessMemory 或 WriteProcessMemory 请求。 (0x12B)
[0423/140446:ERROR:process_reader_win.cc(98)] process 192 not found
[0423/140446:ERROR:process_reader_win.cc(232)] ReadMemory at 0xf6d1b4 of 12 bytes failed: 仅完成部分的 ReadProcessMemory 或 WriteProcessMemory 请求。 (0x12B)
[0423/140446:WARNING:process_snapshot_win.cc(96)] ReadMemory ExceptionInformation failed
[0423/140446:WARNING:crash_report_exception_handler.cc(60)] ProcessSnapshotWin::InitializeException failed
[0423/140446:ERROR:scoped_process_suspend.cc(38)] NtResumeProcess, ntstatus=-1073741558
